[2023-06-01 13:54:56] codecanyon.ERROR: SQLSTATE[42S22]: Column not found: 1054 Unknown column 'projects.client_id' in 'where clause' (SQL: select sum(total_minutes) as total_minutes, DATE_FORMAT(start_time,'%Y-%m-%d') as start from `project_time_logs` where `approved` = 1 and `end_time` is not null and `start_time` between 2023-05-28 00:00:00 and 2023-07-09 23:59:59 and (`project_time_logs`.`user_id` = 4 or `projects`.`client_id` = 4) and `project_time_logs`.`company_id` = 1 group by `start`) {"userId":4,"exception":"[object] (Illuminate\\Database\\QueryException(code: 42S22): SQLSTATE[42S22]: Column not found: 1054 Unknown column 'projects.client_id' in 'where clause' (SQL: select sum(total_minutes) as total_minutes, DATE_FORMAT(start_time,'%Y-%m-%d') as start from `project_time_logs` where `approved` = 1 and `end_time` is not null and `start_time` between 2023-05-28 00:00:00 and 2023-07-09 23:59:59 and (`project_time_logs`.`user_id` = 4 or `projects`.`client_id` = 4) and `project_time_logs`.`company_id` = 1 group by `start`) at /home/u561154491/domains/builtinmysore.com/public_html/vendor/laravel/framework/src/Illuminate/Database/Connection.php:760)
[stacktrace]
#0 /home/u561154491/domains/builtinmysore.com/public_html/vendor/laravel/framework/src/Illuminate/Database/Connection.php(720): Illuminate\\Database\\Connection->runQueryCallback()
#1 /home/u561154491/domains/builtinmysore.com/public_html/vendor/laravel/framework/src/Illuminate/Database/Connection.php(422): Illuminate\\Database\\Connection->run()
#2 /home/u561154491/domains/builtinmysore.com/public_html/vendor/laravel/framework/src/Illuminate/Database/Query/Builder.php(2650): Illuminate\\Database\\Connection->select()
#3 /home/u561154491/domains/builtinmysore.com/public_html/vendor/laravel/framework/src/Illuminate/Database/Query/Builder.php(2638): Illuminate\\Database\\Query\\Builder->runSelect()
#4 /home/u561154491/domains/builtinmysore.com/public_html/vendor/laravel/framework/src/Illuminate/Database/Query/Builder.php(3174): Illuminate\\Database\\Query\\Builder->Illuminate\\Database\\Query\\{closure}()
#5 /home/u561154491/domains/builtinmysore.com/public_html/vendor/laravel/framework/src/Illuminate/Database/Query/Builder.php(2639): Illuminate\\Database\\Query\\Builder->onceWithColumns()
#6 /home/u561154491/domains/builtinmysore.com/public_html/vendor/laravel/framework/src/Illuminate/Database/Eloquent/Builder.php(702): Illuminate\\Database\\Query\\Builder->get()
#7 /home/u561154491/domains/builtinmysore.com/public_html/vendor/laravel/framework/src/Illuminate/Database/Eloquent/Builder.php(686): Illuminate\\Database\\Eloquent\\Builder->getModels()
#8 /home/u561154491/domains/builtinmysore.com/public_html/app/Http/Controllers/TimelogCalendarController.php(105): Illuminate\\Database\\Eloquent\\Builder->get()
#9 /home/u561154491/domains/builtinmysore.com/public_html/vendor/laravel/framework/src/Illuminate/Routing/Controller.php(54): App\\Http\\Controllers\\TimelogCalendarController->index()
#10 /home/u561154491/domains/builtinmysore.com/public_html/vendor/laravel/framework/src/Illuminate/Routing/ControllerDispatcher.php(43): Illuminate\\Routing\\Controller->callAction()
#11 /home/u561154491/domains/builtinmysore.com/public_html/vendor/laravel/framework/src/Illuminate/Routing/Route.php(260): Illuminate\\Routing\\ControllerDispatcher->dispatch()
#12 /home/u561154491/domains/builtinmysore.com/public_html/vendor/laravel/framework/src/Illuminate/Routing/Route.php(205): Illuminate\\Routing\\Route->runController()
#13 /home/u561154491/domains/builtinmysore.com/public_html/vendor/laravel/framework/src/Illuminate/Routing/Router.php(798): Illuminate\\Routing\\Route->run()
#14 /home/u561154491/domains/builtinmysore.com/public_html/vendor/laravel/framework/src/Illuminate/Pipeline/Pipeline.php(141): Illuminate\\Routing\\Router->Illuminate\\Routing\\{closure}()
#15 /home/u561154491/domains/builtinmysore.com/public_html/app/Http/Controllers/TimelogCalendarController.php(21): Illuminate\\Pipeline\\Pipeline->Illuminate\\Pipeline\\{closure}()
#16 /home/u561154491/domains/builtinmysore.com/public_html/vendor/laravel/framework/src/Illuminate/Pipeline/Pipeline.php(162): App\\Http\\Controllers\\TimelogCalendarController->App\\Http\\Controllers\\{closure}()
#17 /home/u561154491/domains/builtinmysore.com/public_html/app/Http/Controllers/AccountBaseController.php(97): Illuminate\\Pipeline\\Pipeline->Illuminate\\Pipeline\\{closure}()
#18 /home/u561154491/domains/builtinmysore.com/public_html/vendor/laravel/framework/src/Illuminate/Pipeline/Pipeline.php(162): App\\Http\\Controllers\\AccountBaseController->App\\Http\\Controllers\\{closure}()
#19 /home/u561154491/domains/builtinmysore.com/public_html/app/Http/Controllers/Controller.php(86): Illuminate\\Pipeline\\Pipeline->Illuminate\\Pipeline\\{closure}()
#20 /home/u561154491/domains/builtinmysore.com/public_html/vendor/laravel/framework/src/Illuminate/Pipeline/Pipeline.php(162): App\\Http\\Controllers\\Controller->App\\Http\\Controllers\\{closure}()
#21 /home/u561154491/domains/builtinmysore.com/public_html/vendor/laravel/framework/src/Illuminate/Routing/Middleware/SubstituteBindings.php(50): Illuminate\\Pipeline\\Pipeline->Illuminate\\Pipeline\\{closure}()
#22 /home/u561154491/domains/builtinmysore.com/public_html/vendor/laravel/framework/src/Illuminate/Pipeline/Pipeline.php(180): Illuminate\\Routing\\Middleware\\SubstituteBindings->handle()
#23 /home/u561154491/domains/builtinmysore.com/public_html/vendor/laravel/framework/src/Illuminate/Auth/Middleware/Authenticate.php(44): Illuminate\\Pipeline\\Pipeline->Illuminate\\Pipeline\\{closure}()
#24 /home/u561154491/domains/builtinmysore.com/public_html/vendor/laravel/framework/src/Illuminate/Pipeline/Pipeline.php(180): Illuminate\\Auth\\Middleware\\Authenticate->handle()
#25 /home/u561154491/domains/builtinmysore.com/public_html/vendor/laravel/framework/src/Illuminate/Foundation/Http/Middleware/VerifyCsrfToken.php(78): Illuminate\\Pipeline\\Pipeline->Illuminate\\Pipeline\\{closure}()
#26 /home/u561154491/domains/builtinmysore.com/public_html/vendor/laravel/framework/src/Illuminate/Pipeline/Pipeline.php(180): Illuminate\\Foundation\\Http\\Middleware\\VerifyCsrfToken->handle()
#27 /home/u561154491/domains/builtinmysore.com/public_html/vendor/laravel/framework/src/Illuminate/View/Middleware/ShareErrorsFromSession.php(49): Illuminate\\Pipeline\\Pipeline->Illuminate\\Pipeline\\{closure}()
#28 /home/u561154491/domains/builtinmysore.com/public_html/vendor/laravel/framework/src/Illuminate/Pipeline/Pipeline.php(180): Illuminate\\View\\Middleware\\ShareErrorsFromSession->handle()
#29 /home/u561154491/domains/builtinmysore.com/public_html/vendor/laravel/framework/src/Illuminate/Session/Middleware/StartSession.php(121): Illuminate\\Pipeline\\Pipeline->Illuminate\\Pipeline\\{closure}()
#30 /home/u561154491/domains/builtinmysore.com/public_html/vendor/laravel/framework/src/Illuminate/Session/Middleware/StartSession.php(64): Illuminate\\Session\\Middleware\\StartSession->handleStatefulRequest()
#31 /home/u561154491/domains/builtinmysore.com/public_html/vendor/laravel/framework/src/Illuminate/Pipeline/Pipeline.php(180): Illuminate\\Session\\Middleware\\StartSession->handle()
#32 /home/u561154491/domains/builtinmysore.com/public_html/vendor/laravel/framework/src/Illuminate/Cookie/Middleware/AddQueuedCookiesToResponse.php(37): Illuminate\\Pipeline\\Pipeline->Illuminate\\Pipeline\\{closure}()
#33 /home/u561154491/domains/builtinmysore.com/public_html/vendor/laravel/framework/src/Illuminate/Pipeline/Pipeline.php(180): Illuminate\\Cookie\\Middleware\\AddQueuedCookiesToResponse->handle()
#34 /home/u561154491/domains/builtinmysore.com/public_html/vendor/laravel/framework/src/Illuminate/Cookie/Middleware/EncryptCookies.php(67): Illuminate\\Pipeline\\Pipeline->Illuminate\\Pipeline\\{closure}()
#35 /home/u561154491/domains/builtinmysore.com/public_html/vendor/laravel/framework/src/Illuminate/Pipeline/Pipeline.php(180): Illuminate\\Cookie\\Middleware\\EncryptCookies->handle()
#36 /home/u561154491/domains/builtinmysore.com/public_html/vendor/laravel/framework/src/Illuminate/Pipeline/Pipeline.php(116): Illuminate\\Pipeline\\Pipeline->Illuminate\\Pipeline\\{closure}()
#37 /home/u561154491/domains/builtinmysore.com/public_html/vendor/laravel/framework/src/Illuminate/Routing/Router.php(799): Illuminate\\Pipeline\\Pipeline->then()
#38 /home/u561154491/domains/builtinmysore.com/public_html/vendor/laravel/framework/src/Illuminate/Routing/Router.php(776): Illuminate\\Routing\\Router->runRouteWithinStack()
#39 /home/u561154491/domains/builtinmysore.com/public_html/vendor/laravel/framework/src/Illuminate/Routing/Router.php(740): Illuminate\\Routing\\Router->runRoute()
#40 /home/u561154491/domains/builtinmysore.com/public_html/vendor/laravel/framework/src/Illuminate/Routing/Router.php(729): Illuminate\\Routing\\Router->dispatchToRoute()
#41 /home/u561154491/domains/builtinmysore.com/public_html/vendor/laravel/framework/src/Illuminate/Foundation/Http/Kernel.php(190): Illuminate\\Routing\\Router->dispatch()
#42 /home/u561154491/domains/builtinmysore.com/public_html/vendor/laravel/framework/src/Illuminate/Pipeline/Pipeline.php(141): Illuminate\\Foundation\\Http\\Kernel->Illuminate\\Foundation\\Http\\{closure}()
#43 /home/u561154491/domains/builtinmysore.com/public_html/vendor/barryvdh/laravel-debugbar/src/Middleware/InjectDebugbar.php(59): Illuminate\\Pipeline\\Pipeline->Illuminate\\Pipeline\\{closure}()
#44 /home/u561154491/domains/builtinmysore.com/public_html/vendor/laravel/framework/src/Illuminate/Pipeline/Pipeline.php(180): Barryvdh\\Debugbar\\Middleware\\InjectDebugbar->handle()
#45 /home/u561154491/domains/builtinmysore.com/public_html/vendor/froiden/envato/src/Middleware/XSS.php(25): Illuminate\\Pipeline\\Pipeline->Illuminate\\Pipeline\\{closure}()
#46 /home/u561154491/domains/builtinmysore.com/public_html/vendor/laravel/framework/src/Illuminate/Pipeline/Pipeline.php(180): Froiden\\Envato\\Middleware\\XSS->handle()
#47 /home/u561154491/domains/builtinmysore.com/public_html/vendor/laravel/framework/src/Illuminate/Foundation/Http/Middleware/TransformsRequest.php(21): Illuminate\\Pipeline\\Pipeline->Illuminate\\Pipeline\\{closure}()
#48 /home/u561154491/domains/builtinmysore.com/public_html/vendor/laravel/framework/src/Illuminate/Foundation/Http/Middleware/ConvertEmptyStringsToNull.php(31): Illuminate\\Foundation\\Http\\Middleware\\TransformsRequest->handle()
#49 /home/u561154491/domains/builtinmysore.com/public_html/vendor/laravel/framework/src/Illuminate/Pipeline/Pipeline.php(180): Illuminate\\Foundation\\Http\\Middleware\\ConvertEmptyStringsToNull->handle()
#50 /home/u561154491/domains/builtinmysore.com/public_html/vendor/laravel/framework/src/Illuminate/Foundation/Http/Middleware/TransformsRequest.php(21): Illuminate\\Pipeline\\Pipeline->Illuminate\\Pipeline\\{closure}()
#51 /home/u561154491/domains/builtinmysore.com/public_html/vendor/laravel/framework/src/Illuminate/Foundation/Http/Middleware/TrimStrings.php(40): Illuminate\\Foundation\\Http\\Middleware\\TransformsRequest->handle()
#52 /home/u561154491/domains/builtinmysore.com/public_html/vendor/laravel/framework/src/Illuminate/Pipeline/Pipeline.php(180): Illuminate\\Foundation\\Http\\Middleware\\TrimStrings->handle()
#53 /home/u561154491/domains/builtinmysore.com/public_html/vendor/laravel/framework/src/Illuminate/Foundation/Http/Middleware/ValidatePostSize.php(27): Illuminate\\Pipeline\\Pipeline->Illuminate\\Pipeline\\{closure}()
#54 /home/u561154491/domains/builtinmysore.com/public_html/vendor/laravel/framework/src/Illuminate/Pipeline/Pipeline.php(180): Illuminate\\Foundation\\Http\\Middleware\\ValidatePostSize->handle()
#55 /home/u561154491/domains/builtinmysore.com/public_html/vendor/laravel/framework/src/Illuminate/Foundation/Http/Middleware/PreventRequestsDuringMaintenance.php(86): Illuminate\\Pipeline\\Pipeline->Illuminate\\Pipeline\\{closure}()
#56 /home/u561154491/domains/builtinmysore.com/public_html/vendor/laravel/framework/src/Illuminate/Pipeline/Pipeline.php(180): Illuminate\\Foundation\\Http\\Middleware\\PreventRequestsDuringMaintenance->handle()
#57 /home/u561154491/domains/builtinmysore.com/public_html/vendor/fruitcake/laravel-cors/src/HandleCors.php(38): Illuminate\\Pipeline\\Pipeline->Illuminate\\Pipeline\\{closure}()
#58 /home/u561154491/domains/builtinmysore.com/public_html/vendor/laravel/framework/src/Illuminate/Pipeline/Pipeline.php(180): Fruitcake\\Cors\\HandleCors->handle()
#59 /home/u561154491/domains/builtinmysore.com/public_html/vendor/laravel/framework/src/Illuminate/Http/Middleware/TrustProxies.php(39): Illuminate\\Pipeline\\Pipeline->Illuminate\\Pipeline\\{closure}()
#60 /home/u561154491/domains/builtinmysore.com/public_html/vendor/laravel/framework/src/Illuminate/Pipeline/Pipeline.php(180): Illuminate\\Http\\Middleware\\TrustProxies->handle()
#61 /home/u561154491/domains/builtinmysore.com/public_html/vendor/laravel/framework/src/Illuminate/Pipeline/Pipeline.php(116): Illuminate\\Pipeline\\Pipeline->Illuminate\\Pipeline\\{closure}()
#62 /home/u561154491/domains/builtinmysore.com/public_html/vendor/laravel/framework/src/Illuminate/Foundation/Http/Kernel.php(165): Illuminate\\Pipeline\\Pipeline->then()
#63 /home/u561154491/domains/builtinmysore.com/public_html/vendor/laravel/framework/src/Illuminate/Foundation/Http/Kernel.php(134): Illuminate\\Foundation\\Http\\Kernel->sendRequestThroughRouter()
#64 /home/u561154491/domains/builtinmysore.com/public_html/public/index.php(64): Illuminate\\Foundation\\Http\\Kernel->handle()
#65 {main}

[previous exception] [object] (PDOException(code: 42S22): SQLSTATE[42S22]: Column not found: 1054 Unknown column 'projects.client_id' in 'where clause' at /home/u561154491/domains/builtinmysore.com/public_html/vendor/laravel/framework/src/Illuminate/Database/Connection.php:414)
[stacktrace]
#0 /home/u561154491/domains/builtinmysore.com/public_html/vendor/laravel/framework/src/Illuminate/Database/Connection.php(414): PDO->prepare()
#1 /home/u561154491/domains/builtinmysore.com/public_html/vendor/laravel/framework/src/Illuminate/Database/Connection.php(753): Illuminate\\Database\\Connection->Illuminate\\Database\\{closure}()
#2 /home/u561154491/domains/builtinmysore.com/public_html/vendor/laravel/framework/src/Illuminate/Database/Connection.php(720): Illuminate\\Database\\Connection->runQueryCallback()
#3 /home/u561154491/domains/builtinmysore.com/public_html/vendor/laravel/framework/src/Illuminate/Database/Connection.php(422): Illuminate\\Database\\Connection->run()
#4 /home/u561154491/domains/builtinmysore.com/public_html/vendor/laravel/framework/src/Illuminate/Database/Query/Builder.php(2650): Illuminate\\Database\\Connection->select()
#5 /home/u561154491/domains/builtinmysore.com/public_html/vendor/laravel/framework/src/Illuminate/Database/Query/Builder.php(2638): Illuminate\\Database\\Query\\Builder->runSelect()
#6 /home/u561154491/domains/builtinmysore.com/public_html/vendor/laravel/framework/src/Illuminate/Database/Query/Builder.php(3174): Illuminate\\Database\\Query\\Builder->Illuminate\\Database\\Query\\{closure}()
#7 /home/u561154491/domains/builtinmysore.com/public_html/vendor/laravel/framework/src/Illuminate/Database/Query/Builder.php(2639): Illuminate\\Database\\Query\\Builder->onceWithColumns()
#8 /home/u561154491/domains/builtinmysore.com/public_html/vendor/laravel/framework/src/Illuminate/Database/Eloquent/Builder.php(702): Illuminate\\Database\\Query\\Builder->get()
#9 /home/u561154491/domains/builtinmysore.com/public_html/vendor/laravel/framework/src/Illuminate/Database/Eloquent/Builder.php(686): Illuminate\\Database\\Eloquent\\Builder->getModels()
#10 /home/u561154491/domains/builtinmysore.com/public_html/app/Http/Controllers/TimelogCalendarController.php(105): Illuminate\\Database\\Eloquent\\Builder->get()
#11 /home/u561154491/domains/builtinmysore.com/public_html/vendor/laravel/framework/src/Illuminate/Routing/Controller.php(54): App\\Http\\Controllers\\TimelogCalendarController->index()
#12 /home/u561154491/domains/builtinmysore.com/public_html/vendor/laravel/framework/src/Illuminate/Routing/ControllerDispatcher.php(43): Illuminate\\Routing\\Controller->callAction()
#13 /home/u561154491/domains/builtinmysore.com/public_html/vendor/laravel/framework/src/Illuminate/Routing/Route.php(260): Illuminate\\Routing\\ControllerDispatcher->dispatch()
#14 /home/u561154491/domains/builtinmysore.com/public_html/vendor/laravel/framework/src/Illuminate/Routing/Route.php(205): Illuminate\\Routing\\Route->runController()
#15 /home/u561154491/domains/builtinmysore.com/public_html/vendor/laravel/framework/src/Illuminate/Routing/Router.php(798): Illuminate\\Routing\\Route->run()
#16 /home/u561154491/domains/builtinmysore.com/public_html/vendor/laravel/framework/src/Illuminate/Pipeline/Pipeline.php(141): Illuminate\\Routing\\Router->Illuminate\\Routing\\{closure}()
#17 /home/u561154491/domains/builtinmysore.com/public_html/app/Http/Controllers/TimelogCalendarController.php(21): Illuminate\\Pipeline\\Pipeline->Illuminate\\Pipeline\\{closure}()
#18 /home/u561154491/domains/builtinmysore.com/public_html/vendor/laravel/framework/src/Illuminate/Pipeline/Pipeline.php(162): App\\Http\\Controllers\\TimelogCalendarController->App\\Http\\Controllers\\{closure}()
#19 /home/u561154491/domains/builtinmysore.com/public_html/app/Http/Controllers/AccountBaseController.php(97): Illuminate\\Pipeline\\Pipeline->Illuminate\\Pipeline\\{closure}()
#20 /home/u561154491/domains/builtinmysore.com/public_html/vendor/laravel/framework/src/Illuminate/Pipeline/Pipeline.php(162): App\\Http\\Controllers\\AccountBaseController->App\\Http\\Controllers\\{closure}()
#21 /home/u561154491/domains/builtinmysore.com/public_html/app/Http/Controllers/Controller.php(86): Illuminate\\Pipeline\\Pipeline->Illuminate\\Pipeline\\{closure}()
#22 /home/u561154491/domains/builtinmysore.com/public_html/vendor/laravel/framework/src/Illuminate/Pipeline/Pipeline.php(162): App\\Http\\Controllers\\Controller->App\\Http\\Controllers\\{closure}()
#23 /home/u561154491/domains/builtinmysore.com/public_html/vendor/laravel/framework/src/Illuminate/Routing/Middleware/SubstituteBindings.php(50): Illuminate\\Pipeline\\Pipeline->Illuminate\\Pipeline\\{closure}()
#24 /home/u561154491/domains/builtinmysore.com/public_html/vendor/laravel/framework/src/Illuminate/Pipeline/Pipeline.php(180): Illuminate\\Routing\\Middleware\\SubstituteBindings->handle()
#25 /home/u561154491/domains/builtinmysore.com/public_html/vendor/laravel/framework/src/Illuminate/Auth/Middleware/Authenticate.php(44): Illuminate\\Pipeline\\Pipeline->Illuminate\\Pipeline\\{closure}()
#26 /home/u561154491/domains/builtinmysore.com/public_html/vendor/laravel/framework/src/Illuminate/Pipeline/Pipeline.php(180): Illuminate\\Auth\\Middleware\\Authenticate->handle()
#27 /home/u561154491/domains/builtinmysore.com/public_html/vendor/laravel/framework/src/Illuminate/Foundation/Http/Middleware/VerifyCsrfToken.php(78): Illuminate\\Pipeline\\Pipeline->Illuminate\\Pipeline\\{closure}()
#28 /home/u561154491/domains/builtinmysore.com/public_html/vendor/laravel/framework/src/Illuminate/Pipeline/Pipeline.php(180): Illuminate\\Foundation\\Http\\Middleware\\VerifyCsrfToken->handle()
#29 /home/u561154491/domains/builtinmysore.com/public_html/vendor/laravel/framework/src/Illuminate/View/Middleware/ShareErrorsFromSession.php(49): Illuminate\\Pipeline\\Pipeline->Illuminate\\Pipeline\\{closure}()
#30 /home/u561154491/domains/builtinmysore.com/public_html/vendor/laravel/framework/src/Illuminate/Pipeline/Pipeline.php(180): Illuminate\\View\\Middleware\\ShareErrorsFromSession->handle()
#31 /home/u561154491/domains/builtinmysore.com/public_html/vendor/laravel/framework/src/Illuminate/Session/Middleware/StartSession.php(121): Illuminate\\Pipeline\\Pipeline->Illuminate\\Pipeline\\{closure}()
#32 /home/u561154491/domains/builtinmysore.com/public_html/vendor/laravel/framework/src/Illuminate/Session/Middleware/StartSession.php(64): Illuminate\\Session\\Middleware\\StartSession->handleStatefulRequest()
#33 /home/u561154491/domains/builtinmysore.com/public_html/vendor/laravel/framework/src/Illuminate/Pipeline/Pipeline.php(180): Illuminate\\Session\\Middleware\\StartSession->handle()
#34 /home/u561154491/domains/builtinmysore.com/public_html/vendor/laravel/framework/src/Illuminate/Cookie/Middleware/AddQueuedCookiesToResponse.php(37): Illuminate\\Pipeline\\Pipeline->Illuminate\\Pipeline\\{closure}()
#35 /home/u561154491/domains/builtinmysore.com/public_html/vendor/laravel/framework/src/Illuminate/Pipeline/Pipeline.php(180): Illuminate\\Cookie\\Middleware\\AddQueuedCookiesToResponse->handle()
#36 /home/u561154491/domains/builtinmysore.com/public_html/vendor/laravel/framework/src/Illuminate/Cookie/Middleware/EncryptCookies.php(67): Illuminate\\Pipeline\\Pipeline->Illuminate\\Pipeline\\{closure}()
#37 /home/u561154491/domains/builtinmysore.com/public_html/vendor/laravel/framework/src/Illuminate/Pipeline/Pipeline.php(180): Illuminate\\Cookie\\Middleware\\EncryptCookies->handle()
#38 /home/u561154491/domains/builtinmysore.com/public_html/vendor/laravel/framework/src/Illuminate/Pipeline/Pipeline.php(116): Illuminate\\Pipeline\\Pipeline->Illuminate\\Pipeline\\{closure}()
#39 /home/u561154491/domains/builtinmysore.com/public_html/vendor/laravel/framework/src/Illuminate/Routing/Router.php(799): Illuminate\\Pipeline\\Pipeline->then()
#40 /home/u561154491/domains/builtinmysore.com/public_html/vendor/laravel/framework/src/Illuminate/Routing/Router.php(776): Illuminate\\Routing\\Router->runRouteWithinStack()
#41 /home/u561154491/domains/builtinmysore.com/public_html/vendor/laravel/framework/src/Illuminate/Routing/Router.php(740): Illuminate\\Routing\\Router->runRoute()
#42 /home/u561154491/domains/builtinmysore.com/public_html/vendor/laravel/framework/src/Illuminate/Routing/Router.php(729): Illuminate\\Routing\\Router->dispatchToRoute()
#43 /home/u561154491/domains/builtinmysore.com/public_html/vendor/laravel/framework/src/Illuminate/Foundation/Http/Kernel.php(190): Illuminate\\Routing\\Router->dispatch()
#44 /home/u561154491/domains/builtinmysore.com/public_html/vendor/laravel/framework/src/Illuminate/Pipeline/Pipeline.php(141): Illuminate\\Foundation\\Http\\Kernel->Illuminate\\Foundation\\Http\\{closure}()
#45 /home/u561154491/domains/builtinmysore.com/public_html/vendor/barryvdh/laravel-debugbar/src/Middleware/InjectDebugbar.php(59): Illuminate\\Pipeline\\Pipeline->Illuminate\\Pipeline\\{closure}()
#46 /home/u561154491/domains/builtinmysore.com/public_html/vendor/laravel/framework/src/Illuminate/Pipeline/Pipeline.php(180): Barryvdh\\Debugbar\\Middleware\\InjectDebugbar->handle()
#47 /home/u561154491/domains/builtinmysore.com/public_html/vendor/froiden/envato/src/Middleware/XSS.php(25): Illuminate\\Pipeline\\Pipeline->Illuminate\\Pipeline\\{closure}()
#48 /home/u561154491/domains/builtinmysore.com/public_html/vendor/laravel/framework/src/Illuminate/Pipeline/Pipeline.php(180): Froiden\\Envato\\Middleware\\XSS->handle()
#49 /home/u561154491/domains/builtinmysore.com/public_html/vendor/laravel/framework/src/Illuminate/Foundation/Http/Middleware/TransformsRequest.php(21): Illuminate\\Pipeline\\Pipeline->Illuminate\\Pipeline\\{closure}()
#50 /home/u561154491/domains/builtinmysore.com/public_html/vendor/laravel/framework/src/Illuminate/Foundation/Http/Middleware/ConvertEmptyStringsToNull.php(31): Illuminate\\Foundation\\Http\\Middleware\\TransformsRequest->handle()
#51 /home/u561154491/domains/builtinmysore.com/public_html/vendor/laravel/framework/src/Illuminate/Pipeline/Pipeline.php(180): Illuminate\\Foundation\\Http\\Middleware\\ConvertEmptyStringsToNull->handle()
#52 /home/u561154491/domains/builtinmysore.com/public_html/vendor/laravel/framework/src/Illuminate/Foundation/Http/Middleware/TransformsRequest.php(21): Illuminate\\Pipeline\\Pipeline->Illuminate\\Pipeline\\{closure}()
#53 /home/u561154491/domains/builtinmysore.com/public_html/vendor/laravel/framework/src/Illuminate/Foundation/Http/Middleware/TrimStrings.php(40): Illuminate\\Foundation\\Http\\Middleware\\TransformsRequest->handle()
#54 /home/u561154491/domains/builtinmysore.com/public_html/vendor/laravel/framework/src/Illuminate/Pipeline/Pipeline.php(180): Illuminate\\Foundation\\Http\\Middleware\\TrimStrings->handle()
#55 /home/u561154491/domains/builtinmysore.com/public_html/vendor/laravel/framework/src/Illuminate/Foundation/Http/Middleware/ValidatePostSize.php(27): Illuminate\\Pipeline\\Pipeline->Illuminate\\Pipeline\\{closure}()
#56 /home/u561154491/domains/builtinmysore.com/public_html/vendor/laravel/framework/src/Illuminate/Pipeline/Pipeline.php(180): Illuminate\\Foundation\\Http\\Middleware\\ValidatePostSize->handle()
#57 /home/u561154491/domains/builtinmysore.com/public_html/vendor/laravel/framework/src/Illuminate/Foundation/Http/Middleware/PreventRequestsDuringMaintenance.php(86): Illuminate\\Pipeline\\Pipeline->Illuminate\\Pipeline\\{closure}()
#58 /home/u561154491/domains/builtinmysore.com/public_html/vendor/laravel/framework/src/Illuminate/Pipeline/Pipeline.php(180): Illuminate\\Foundation\\Http\\Middleware\\PreventRequestsDuringMaintenance->handle()
#59 /home/u561154491/domains/builtinmysore.com/public_html/vendor/fruitcake/laravel-cors/src/HandleCors.php(38): Illuminate\\Pipeline\\Pipeline->Illuminate\\Pipeline\\{closure}()
#60 /home/u561154491/domains/builtinmysore.com/public_html/vendor/laravel/framework/src/Illuminate/Pipeline/Pipeline.php(180): Fruitcake\\Cors\\HandleCors->handle()
#61 /home/u561154491/domains/builtinmysore.com/public_html/vendor/laravel/framework/src/Illuminate/Http/Middleware/TrustProxies.php(39): Illuminate\\Pipeline\\Pipeline->Illuminate\\Pipeline\\{closure}()
#62 /home/u561154491/domains/builtinmysore.com/public_html/vendor/laravel/framework/src/Illuminate/Pipeline/Pipeline.php(180): Illuminate\\Http\\Middleware\\TrustProxies->handle()
#63 /home/u561154491/domains/builtinmysore.com/public_html/vendor/laravel/framework/src/Illuminate/Pipeline/Pipeline.php(116): Illuminate\\Pipeline\\Pipeline->Illuminate\\Pipeline\\{closure}()
#64 /home/u561154491/domains/builtinmysore.com/public_html/vendor/laravel/framework/src/Illuminate/Foundation/Http/Kernel.php(165): Illuminate\\Pipeline\\Pipeline->then()
#65 /home/u561154491/domains/builtinmysore.com/public_html/vendor/laravel/framework/src/Illuminate/Foundation/Http/Kernel.php(134): Illuminate\\Foundation\\Http\\Kernel->sendRequestThroughRouter()
#66 /home/u561154491/domains/builtinmysore.com/public_html/public/index.php(64): Illuminate\\Foundation\\Http\\Kernel->handle()
#67 {main}
"} 
