[2023-06-06 13:39:30] codecanyon.ERROR: FilesystemIterator::__construct(/home/u561154491/domains/builtinmysore.com/public_html/storage/framework/cache/data/a9/12): Failed to open directory: No such file or directory {"userId":1,"exception":"[object] (UnexpectedValueException(code: 0): FilesystemIterator::__construct(/home/u561154491/domains/builtinmysore.com/public_html/storage/framework/cache/data/a9/12): Failed to open directory: No such file or directory at /home/u561154491/domains/builtinmysore.com/public_html/vendor/laravel/framework/src/Illuminate/Filesystem/Filesystem.php:714)
[stacktrace]
#0 /home/u561154491/domains/builtinmysore.com/public_html/vendor/laravel/framework/src/Illuminate/Filesystem/Filesystem.php(714): FilesystemIterator->__construct()
#1 /home/u561154491/domains/builtinmysore.com/public_html/vendor/laravel/framework/src/Illuminate/Filesystem/Filesystem.php(721): Illuminate\\Filesystem\\Filesystem->deleteDirectory()
#2 /home/u561154491/domains/builtinmysore.com/public_html/vendor/laravel/framework/src/Illuminate/Cache/FileStore.php(230): Illuminate\\Filesystem\\Filesystem->deleteDirectory()
#3 /home/u561154491/domains/builtinmysore.com/public_html/vendor/laravel/framework/src/Illuminate/Cache/Repository.php(668): Illuminate\\Cache\\FileStore->flush()
#4 /home/u561154491/domains/builtinmysore.com/public_html/vendor/laravel/framework/src/Illuminate/Cache/Console/ClearCommand.php(80): Illuminate\\Cache\\Repository->__call()
#5 /home/u561154491/domains/builtinmysore.com/public_html/vendor/laravel/framework/src/Illuminate/Container/BoundMethod.php(36): Illuminate\\Cache\\Console\\ClearCommand->handle()
#6 /home/u561154491/domains/builtinmysore.com/public_html/vendor/laravel/framework/src/Illuminate/Container/Util.php(41): Illuminate\\Container\\BoundMethod::Illuminate\\Container\\{closure}()
#7 /home/u561154491/domains/builtinmysore.com/public_html/vendor/laravel/framework/src/Illuminate/Container/BoundMethod.php(93): Illuminate\\Container\\Util::unwrapIfClosure()
#8 /home/u561154491/domains/builtinmysore.com/public_html/vendor/laravel/framework/src/Illuminate/Container/BoundMethod.php(37): Illuminate\\Container\\BoundMethod::callBoundMethod()
#9 /home/u561154491/domains/builtinmysore.com/public_html/vendor/laravel/framework/src/Illuminate/Container/Container.php(651): Illuminate\\Container\\BoundMethod::call()
#10 /home/u561154491/domains/builtinmysore.com/public_html/vendor/laravel/framework/src/Illuminate/Console/Command.php(182): Illuminate\\Container\\Container->call()
#11 /home/u561154491/domains/builtinmysore.com/public_html/vendor/symfony/console/Command/Command.php(291): Illuminate\\Console\\Command->execute()
#12 /home/u561154491/domains/builtinmysore.com/public_html/vendor/laravel/framework/src/Illuminate/Console/Command.php(152): Symfony\\Component\\Console\\Command\\Command->run()
#13 /home/u561154491/domains/builtinmysore.com/public_html/vendor/laravel/framework/src/Illuminate/Console/Concerns/CallsCommands.php(68): Illuminate\\Console\\Command->run()
#14 /home/u561154491/domains/builtinmysore.com/public_html/vendor/laravel/framework/src/Illuminate/Console/Concerns/CallsCommands.php(40): Illuminate\\Console\\Command->runCommand()
#15 /home/u561154491/domains/builtinmysore.com/public_html/vendor/laravel/framework/src/Illuminate/Foundation/Console/OptimizeClearCommand.php(48): Illuminate\\Console\\Command->callSilent()
#16 /home/u561154491/domains/builtinmysore.com/public_html/vendor/laravel/framework/src/Illuminate/Console/View/Components/Task.php(36): Illuminate\\Foundation\\Console\\OptimizeClearCommand->Illuminate\\Foundation\\Console\\{closure}()
#17 /home/u561154491/domains/builtinmysore.com/public_html/vendor/laravel/framework/src/Illuminate/Console/View/Components/Factory.php(56): Illuminate\\Console\\View\\Components\\Task->render()
#18 /home/u561154491/domains/builtinmysore.com/public_html/vendor/laravel/framework/src/Illuminate/Foundation/Console/OptimizeClearCommand.php(52): Illuminate\\Console\\View\\Components\\Factory->__call()
#19 /home/u561154491/domains/builtinmysore.com/public_html/vendor/laravel/framework/src/Illuminate/Collections/Traits/EnumeratesValues.php(236): Illuminate\\Foundation\\Console\\OptimizeClearCommand->Illuminate\\Foundation\\Console\\{closure}()
#20 /home/u561154491/domains/builtinmysore.com/public_html/vendor/laravel/framework/src/Illuminate/Foundation/Console/OptimizeClearCommand.php(52): Illuminate\\Support\\Collection->each()
#21 /home/u561154491/domains/builtinmysore.com/public_html/vendor/laravel/framework/src/Illuminate/Container/BoundMethod.php(36): Illuminate\\Foundation\\Console\\OptimizeClearCommand->handle()
#22 /home/u561154491/domains/builtinmysore.com/public_html/vendor/laravel/framework/src/Illuminate/Container/Util.php(41): Illuminate\\Container\\BoundMethod::Illuminate\\Container\\{closure}()
#23 /home/u561154491/domains/builtinmysore.com/public_html/vendor/laravel/framework/src/Illuminate/Container/BoundMethod.php(93): Illuminate\\Container\\Util::unwrapIfClosure()
#24 /home/u561154491/domains/builtinmysore.com/public_html/vendor/laravel/framework/src/Illuminate/Container/BoundMethod.php(37): Illuminate\\Container\\BoundMethod::callBoundMethod()
#25 /home/u561154491/domains/builtinmysore.com/public_html/vendor/laravel/framework/src/Illuminate/Container/Container.php(651): Illuminate\\Container\\BoundMethod::call()
#26 /home/u561154491/domains/builtinmysore.com/public_html/vendor/laravel/framework/src/Illuminate/Console/Command.php(182): Illuminate\\Container\\Container->call()
#27 /home/u561154491/domains/builtinmysore.com/public_html/vendor/symfony/console/Command/Command.php(291): Illuminate\\Console\\Command->execute()
#28 /home/u561154491/domains/builtinmysore.com/public_html/vendor/laravel/framework/src/Illuminate/Console/Command.php(152): Symfony\\Component\\Console\\Command\\Command->run()
#29 /home/u561154491/domains/builtinmysore.com/public_html/vendor/symfony/console/Application.php(1014): Illuminate\\Console\\Command->run()
#30 /home/u561154491/domains/builtinmysore.com/public_html/vendor/symfony/console/Application.php(301): Symfony\\Component\\Console\\Application->doRunCommand()
#31 /home/u561154491/domains/builtinmysore.com/public_html/vendor/symfony/console/Application.php(171): Symfony\\Component\\Console\\Application->doRun()
#32 /home/u561154491/domains/builtinmysore.com/public_html/vendor/laravel/framework/src/Illuminate/Console/Application.php(102): Symfony\\Component\\Console\\Application->run()
#33 /home/u561154491/domains/builtinmysore.com/public_html/vendor/laravel/framework/src/Illuminate/Console/Application.php(194): Illuminate\\Console\\Application->run()
#34 /home/u561154491/domains/builtinmysore.com/public_html/vendor/laravel/framework/src/Illuminate/Foundation/Console/Kernel.php(336): Illuminate\\Console\\Application->call()
#35 /home/u561154491/domains/builtinmysore.com/public_html/vendor/laravel/framework/src/Illuminate/Support/Facades/Facade.php(338): Illuminate\\Foundation\\Console\\Kernel->call()
#36 /home/u561154491/domains/builtinmysore.com/public_html/app/Http/Controllers/AppSettingController.php(202): Illuminate\\Support\\Facades\\Facade::__callStatic()
#37 /home/u561154491/domains/builtinmysore.com/public_html/app/Http/Controllers/AppSettingController.php(141): App\\Http\\Controllers\\AppSettingController->createCache()
#38 /home/u561154491/domains/builtinmysore.com/public_html/app/Http/Controllers/AppSettingController.php(107): App\\Http\\Controllers\\AppSettingController->updateAppSetting()
#39 /home/u561154491/domains/builtinmysore.com/public_html/vendor/laravel/framework/src/Illuminate/Routing/Controller.php(54): App\\Http\\Controllers\\AppSettingController->update()
#40 /home/u561154491/domains/builtinmysore.com/public_html/vendor/laravel/framework/src/Illuminate/Routing/ControllerDispatcher.php(43): Illuminate\\Routing\\Controller->callAction()
#41 /home/u561154491/domains/builtinmysore.com/public_html/vendor/laravel/framework/src/Illuminate/Routing/Route.php(260): Illuminate\\Routing\\ControllerDispatcher->dispatch()
#42 /home/u561154491/domains/builtinmysore.com/public_html/vendor/laravel/framework/src/Illuminate/Routing/Route.php(205): Illuminate\\Routing\\Route->runController()
#43 /home/u561154491/domains/builtinmysore.com/public_html/vendor/laravel/framework/src/Illuminate/Routing/Router.php(798): Illuminate\\Routing\\Route->run()
#44 /home/u561154491/domains/builtinmysore.com/public_html/vendor/laravel/framework/src/Illuminate/Pipeline/Pipeline.php(141): Illuminate\\Routing\\Router->Illuminate\\Routing\\{closure}()
#45 /home/u561154491/domains/builtinmysore.com/public_html/app/Http/Controllers/AppSettingController.php(34): Illuminate\\Pipeline\\Pipeline->Illuminate\\Pipeline\\{closure}()
#46 /home/u561154491/domains/builtinmysore.com/public_html/vendor/laravel/framework/src/Illuminate/Pipeline/Pipeline.php(162): App\\Http\\Controllers\\AppSettingController->App\\Http\\Controllers\\{closure}()
#47 /home/u561154491/domains/builtinmysore.com/public_html/app/Http/Controllers/AccountBaseController.php(97): Illuminate\\Pipeline\\Pipeline->Illuminate\\Pipeline\\{closure}()
#48 /home/u561154491/domains/builtinmysore.com/public_html/vendor/laravel/framework/src/Illuminate/Pipeline/Pipeline.php(162): App\\Http\\Controllers\\AccountBaseController->App\\Http\\Controllers\\{closure}()
#49 /home/u561154491/domains/builtinmysore.com/public_html/app/Http/Controllers/Controller.php(86): Illuminate\\Pipeline\\Pipeline->Illuminate\\Pipeline\\{closure}()
#50 /home/u561154491/domains/builtinmysore.com/public_html/vendor/laravel/framework/src/Illuminate/Pipeline/Pipeline.php(162): App\\Http\\Controllers\\Controller->App\\Http\\Controllers\\{closure}()
#51 /home/u561154491/domains/builtinmysore.com/public_html/vendor/laravel/framework/src/Illuminate/Routing/Middleware/SubstituteBindings.php(50): Illuminate\\Pipeline\\Pipeline->Illuminate\\Pipeline\\{closure}()
#52 /home/u561154491/domains/builtinmysore.com/public_html/vendor/laravel/framework/src/Illuminate/Pipeline/Pipeline.php(180): Illuminate\\Routing\\Middleware\\SubstituteBindings->handle()
#53 /home/u561154491/domains/builtinmysore.com/public_html/vendor/laravel/framework/src/Illuminate/Auth/Middleware/Authenticate.php(44): Illuminate\\Pipeline\\Pipeline->Illuminate\\Pipeline\\{closure}()
#54 /home/u561154491/domains/builtinmysore.com/public_html/vendor/laravel/framework/src/Illuminate/Pipeline/Pipeline.php(180): Illuminate\\Auth\\Middleware\\Authenticate->handle()
#55 /home/u561154491/domains/builtinmysore.com/public_html/vendor/laravel/framework/src/Illuminate/Foundation/Http/Middleware/VerifyCsrfToken.php(78): Illuminate\\Pipeline\\Pipeline->Illuminate\\Pipeline\\{closure}()
#56 /home/u561154491/domains/builtinmysore.com/public_html/vendor/laravel/framework/src/Illuminate/Pipeline/Pipeline.php(180): Illuminate\\Foundation\\Http\\Middleware\\VerifyCsrfToken->handle()
#57 /home/u561154491/domains/builtinmysore.com/public_html/vendor/laravel/framework/src/Illuminate/View/Middleware/ShareErrorsFromSession.php(49): Illuminate\\Pipeline\\Pipeline->Illuminate\\Pipeline\\{closure}()
#58 /home/u561154491/domains/builtinmysore.com/public_html/vendor/laravel/framework/src/Illuminate/Pipeline/Pipeline.php(180): Illuminate\\View\\Middleware\\ShareErrorsFromSession->handle()
#59 /home/u561154491/domains/builtinmysore.com/public_html/vendor/laravel/framework/src/Illuminate/Session/Middleware/StartSession.php(121): Illuminate\\Pipeline\\Pipeline->Illuminate\\Pipeline\\{closure}()
#60 /home/u561154491/domains/builtinmysore.com/public_html/vendor/laravel/framework/src/Illuminate/Session/Middleware/StartSession.php(64): Illuminate\\Session\\Middleware\\StartSession->handleStatefulRequest()
#61 /home/u561154491/domains/builtinmysore.com/public_html/vendor/laravel/framework/src/Illuminate/Pipeline/Pipeline.php(180): Illuminate\\Session\\Middleware\\StartSession->handle()
#62 /home/u561154491/domains/builtinmysore.com/public_html/vendor/laravel/framework/src/Illuminate/Cookie/Middleware/AddQueuedCookiesToResponse.php(37): Illuminate\\Pipeline\\Pipeline->Illuminate\\Pipeline\\{closure}()
#63 /home/u561154491/domains/builtinmysore.com/public_html/vendor/laravel/framework/src/Illuminate/Pipeline/Pipeline.php(180): Illuminate\\Cookie\\Middleware\\AddQueuedCookiesToResponse->handle()
#64 /home/u561154491/domains/builtinmysore.com/public_html/vendor/laravel/framework/src/Illuminate/Cookie/Middleware/EncryptCookies.php(67): Illuminate\\Pipeline\\Pipeline->Illuminate\\Pipeline\\{closure}()
#65 /home/u561154491/domains/builtinmysore.com/public_html/vendor/laravel/framework/src/Illuminate/Pipeline/Pipeline.php(180): Illuminate\\Cookie\\Middleware\\EncryptCookies->handle()
#66 /home/u561154491/domains/builtinmysore.com/public_html/vendor/laravel/framework/src/Illuminate/Pipeline/Pipeline.php(116): Illuminate\\Pipeline\\Pipeline->Illuminate\\Pipeline\\{closure}()
#67 /home/u561154491/domains/builtinmysore.com/public_html/vendor/laravel/framework/src/Illuminate/Routing/Router.php(799): Illuminate\\Pipeline\\Pipeline->then()
#68 /home/u561154491/domains/builtinmysore.com/public_html/vendor/laravel/framework/src/Illuminate/Routing/Router.php(776): Illuminate\\Routing\\Router->runRouteWithinStack()
#69 /home/u561154491/domains/builtinmysore.com/public_html/vendor/laravel/framework/src/Illuminate/Routing/Router.php(740): Illuminate\\Routing\\Router->runRoute()
#70 /home/u561154491/domains/builtinmysore.com/public_html/vendor/laravel/framework/src/Illuminate/Routing/Router.php(729): Illuminate\\Routing\\Router->dispatchToRoute()
#71 /home/u561154491/domains/builtinmysore.com/public_html/vendor/laravel/framework/src/Illuminate/Foundation/Http/Kernel.php(190): Illuminate\\Routing\\Router->dispatch()
#72 /home/u561154491/domains/builtinmysore.com/public_html/vendor/laravel/framework/src/Illuminate/Pipeline/Pipeline.php(141): Illuminate\\Foundation\\Http\\Kernel->Illuminate\\Foundation\\Http\\{closure}()
#73 /home/u561154491/domains/builtinmysore.com/public_html/vendor/barryvdh/laravel-debugbar/src/Middleware/InjectDebugbar.php(59): Illuminate\\Pipeline\\Pipeline->Illuminate\\Pipeline\\{closure}()
#74 /home/u561154491/domains/builtinmysore.com/public_html/vendor/laravel/framework/src/Illuminate/Pipeline/Pipeline.php(180): Barryvdh\\Debugbar\\Middleware\\InjectDebugbar->handle()
#75 /home/u561154491/domains/builtinmysore.com/public_html/vendor/froiden/envato/src/Middleware/XSS.php(38): Illuminate\\Pipeline\\Pipeline->Illuminate\\Pipeline\\{closure}()
#76 /home/u561154491/domains/builtinmysore.com/public_html/vendor/laravel/framework/src/Illuminate/Pipeline/Pipeline.php(180): Froiden\\Envato\\Middleware\\XSS->handle()
#77 /home/u561154491/domains/builtinmysore.com/public_html/vendor/laravel/framework/src/Illuminate/Foundation/Http/Middleware/TransformsRequest.php(21): Illuminate\\Pipeline\\Pipeline->Illuminate\\Pipeline\\{closure}()
#78 /home/u561154491/domains/builtinmysore.com/public_html/vendor/laravel/framework/src/Illuminate/Foundation/Http/Middleware/ConvertEmptyStringsToNull.php(31): Illuminate\\Foundation\\Http\\Middleware\\TransformsRequest->handle()
#79 /home/u561154491/domains/builtinmysore.com/public_html/vendor/laravel/framework/src/Illuminate/Pipeline/Pipeline.php(180): Illuminate\\Foundation\\Http\\Middleware\\ConvertEmptyStringsToNull->handle()
#80 /home/u561154491/domains/builtinmysore.com/public_html/vendor/laravel/framework/src/Illuminate/Foundation/Http/Middleware/TransformsRequest.php(21): Illuminate\\Pipeline\\Pipeline->Illuminate\\Pipeline\\{closure}()
#81 /home/u561154491/domains/builtinmysore.com/public_html/vendor/laravel/framework/src/Illuminate/Foundation/Http/Middleware/TrimStrings.php(40): Illuminate\\Foundation\\Http\\Middleware\\TransformsRequest->handle()
#82 /home/u561154491/domains/builtinmysore.com/public_html/vendor/laravel/framework/src/Illuminate/Pipeline/Pipeline.php(180): Illuminate\\Foundation\\Http\\Middleware\\TrimStrings->handle()
#83 /home/u561154491/domains/builtinmysore.com/public_html/vendor/laravel/framework/src/Illuminate/Foundation/Http/Middleware/ValidatePostSize.php(27): Illuminate\\Pipeline\\Pipeline->Illuminate\\Pipeline\\{closure}()
#84 /home/u561154491/domains/builtinmysore.com/public_html/vendor/laravel/framework/src/Illuminate/Pipeline/Pipeline.php(180): Illuminate\\Foundation\\Http\\Middleware\\ValidatePostSize->handle()
#85 /home/u561154491/domains/builtinmysore.com/public_html/vendor/laravel/framework/src/Illuminate/Foundation/Http/Middleware/PreventRequestsDuringMaintenance.php(86): Illuminate\\Pipeline\\Pipeline->Illuminate\\Pipeline\\{closure}()
#86 /home/u561154491/domains/builtinmysore.com/public_html/vendor/laravel/framework/src/Illuminate/Pipeline/Pipeline.php(180): Illuminate\\Foundation\\Http\\Middleware\\PreventRequestsDuringMaintenance->handle()
#87 /home/u561154491/domains/builtinmysore.com/public_html/vendor/fruitcake/laravel-cors/src/HandleCors.php(38): Illuminate\\Pipeline\\Pipeline->Illuminate\\Pipeline\\{closure}()
#88 /home/u561154491/domains/builtinmysore.com/public_html/vendor/laravel/framework/src/Illuminate/Pipeline/Pipeline.php(180): Fruitcake\\Cors\\HandleCors->handle()
#89 /home/u561154491/domains/builtinmysore.com/public_html/vendor/laravel/framework/src/Illuminate/Http/Middleware/TrustProxies.php(39): Illuminate\\Pipeline\\Pipeline->Illuminate\\Pipeline\\{closure}()
#90 /home/u561154491/domains/builtinmysore.com/public_html/vendor/laravel/framework/src/Illuminate/Pipeline/Pipeline.php(180): Illuminate\\Http\\Middleware\\TrustProxies->handle()
#91 /home/u561154491/domains/builtinmysore.com/public_html/vendor/laravel/framework/src/Illuminate/Pipeline/Pipeline.php(116): Illuminate\\Pipeline\\Pipeline->Illuminate\\Pipeline\\{closure}()
#92 /home/u561154491/domains/builtinmysore.com/public_html/vendor/laravel/framework/src/Illuminate/Foundation/Http/Kernel.php(165): Illuminate\\Pipeline\\Pipeline->then()
#93 /home/u561154491/domains/builtinmysore.com/public_html/vendor/laravel/framework/src/Illuminate/Foundation/Http/Kernel.php(134): Illuminate\\Foundation\\Http\\Kernel->sendRequestThroughRouter()
#94 /home/u561154491/domains/builtinmysore.com/public_html/public/index.php(64): Illuminate\\Foundation\\Http\\Kernel->handle()
#95 {main}
"} 
